2022-02-26 10:57:53.486  INFO 4440 --- [RMI TCP Connection(26)-127.0.0.1] inMXBeanRegistrar$SpringApplicationAdmin : Application shutdown requested.
2022-02-26 10:57:54.131  INFO 4440 --- [RMI TCP Connection(26)-127.0.0.1] j.LocalContainerEntityManagerFactoryBean : Closing JPA EntityManagerFactory for persistence unit 'default'
2022-02-26 10:57:54.134  INFO 4440 --- [RMI TCP Connection(26)-127.0.0.1] com.zaxxer.hikari.HikariDataSource       : HikariPool-7 - Shutdown initiated...
2022-02-26 10:57:54.148  INFO 4440 --- [RMI TCP Connection(26)-127.0.0.1] com.zaxxer.hikari.HikariDataSource       : HikariPool-7 - Shutdown completed.
2022-02-26 10:58:31.685  INFO 23084 --- [restartedMain] c.shopme.admin.ShopmeBackendApplication  : Starting ShopmeBackendApplication using Java 11.0.2 on DESKTOP-88IQQFK with PID 23084 (C:\Users\81802\eclipse-workspace\ShopmeProject\ShopmeWebParent\ShopmeBackend\target\classes started by 81802 in C:\Users\81802\eclipse-workspace\ShopmeProject\ShopmeWebParent\ShopmeBackend)
2022-02-26 10:58:31.690  INFO 23084 --- [restartedMain] c.shopme.admin.ShopmeBackendApplication  : No active profile set, falling back to default profiles: default
2022-02-26 10:58:31.979  INFO 23084 --- [restartedMain] .e.DevToolsPropertyDefaultsPostProcessor : Devtools property defaults active! Set 'spring.devtools.add-properties' to 'false' to disable
2022-02-26 10:58:31.982  INFO 23084 --- [restartedMain] .e.DevToolsPropertyDefaultsPostProcessor : For additional web related logging consider setting the 'logging.level.web' property to 'DEBUG'
2022-02-26 10:58:36.692  INFO 23084 --- [restartedMain] .s.d.r.c.RepositoryConfigurationDelegate : Bootstrapping Spring Data JPA repositories in DEFAULT mode.
2022-02-26 10:58:37.091  INFO 23084 --- [restartedMain] .s.d.r.c.RepositoryConfigurationDelegate : Finished Spring Data repository scanning in 353 ms. Found 2 JPA repository interfaces.
2022-02-26 10:58:41.096  INFO 23084 --- [restartedMain] o.s.b.w.embedded.tomcat.TomcatWebServer  : Tomcat initialized with port(s): 8080 (http)
2022-02-26 10:58:41.152  INFO 23084 --- [restartedMain] o.apache.catalina.core.StandardService   : Starting service [Tomcat]
2022-02-26 10:58:41.155  INFO 23084 --- [restartedMain] org.apache.catalina.core.StandardEngine  : Starting Servlet engine: [Apache Tomcat/9.0.56]
2022-02-26 10:58:42.236  INFO 23084 --- [restartedMain] o.a.c.c.C.[.[localhost].[/ShopmeAdmin]   : Initializing Spring embedded WebApplicationContext
2022-02-26 10:58:42.238  INFO 23084 --- [restartedMain] w.s.c.ServletWebServerApplicationContext : Root WebApplicationContext: initialization completed in 10251 ms
2022-02-26 10:58:43.352  INFO 23084 --- [restartedMain] o.hibernate.jpa.internal.util.LogHelper  : HHH000204: Processing PersistenceUnitInfo [name: default]
2022-02-26 10:58:43.759  INFO 23084 --- [restartedMain] org.hibernate.Version                    : HHH000412: Hibernate ORM core version 5.6.4.Final
2022-02-26 10:58:44.807  INFO 23084 --- [restartedMain] o.hibernate.annotations.common.Version   : HCANN000001: Hibernate Commons Annotations {5.1.2.Final}
2022-02-26 10:58:45.642  INFO 23084 --- [restartedMain] com.zaxxer.hikari.HikariDataSource       : HikariPool-1 - Starting...
2022-02-26 10:58:47.367  INFO 23084 --- [restartedMain] com.zaxxer.hikari.HikariDataSource       : HikariPool-1 - Start completed.
2022-02-26 10:58:47.495  INFO 23084 --- [restartedMain] org.hibernate.dialect.Dialect            : HHH000400: Using dialect: org.hibernate.dialect.MySQL8Dialect
2022-02-26 10:58:51.892  INFO 23084 --- [restartedMain] o.h.e.t.j.p.i.JtaPlatformInitiator       : HHH000490: Using JtaPlatform implementation: [org.hibernate.engine.transaction.jta.platform.internal.NoJtaPlatform]
2022-02-26 10:58:51.935  INFO 23084 --- [restartedMain] j.LocalContainerEntityManagerFactoryBean : Initialized JPA EntityManagerFactory for persistence unit 'default'
2022-02-26 10:58:52.238  WARN 23084 --- [restartedMain] JpaBaseConfiguration$JpaWebConfiguration : spring.jpa.open-in-view is enabled by default. Therefore, database queries may be performed during view rendering. Explicitly configure spring.jpa.open-in-view to disable this warning
2022-02-26 10:58:55.259  INFO 23084 --- [restartedMain] o.s.s.web.DefaultSecurityFilterChain     : Will secure Ant [pattern='/images/**'] with []
2022-02-26 10:58:55.260  INFO 23084 --- [restartedMain] o.s.s.web.DefaultSecurityFilterChain     : Will secure Ant [pattern='/js/**'] with []
2022-02-26 10:58:55.262  INFO 23084 --- [restartedMain] o.s.s.web.DefaultSecurityFilterChain     : Will secure Ant [pattern='/fontawesome/**'] with []
2022-02-26 10:58:55.263  INFO 23084 --- [restartedMain] o.s.s.web.DefaultSecurityFilterChain     : Will secure Ant [pattern='/css/**'] with []
2022-02-26 10:58:55.265  INFO 23084 --- [restartedMain] o.s.s.web.DefaultSecurityFilterChain     : Will secure Ant [pattern='/webjars/**'] with []
2022-02-26 10:58:55.449  INFO 23084 --- [restartedMain] o.s.s.web.DefaultSecurityFilterChain     : Will secure any request with [org.springframework.security.web.context.request.async.WebAsyncManagerIntegrationFilter@4ebfcda8, org.springframework.security.web.context.SecurityContextPersistenceFilter@74e3a84d, org.springframework.security.web.header.HeaderWriterFilter@736450bd, org.springframework.security.web.csrf.CsrfFilter@2c23dfe3, org.springframework.security.web.authentication.logout.LogoutFilter@3ca1c34b, org.springframework.security.web.authentication.UsernamePasswordAuthenticationFilter@27399053, org.springframework.security.web.savedrequest.RequestCacheAwareFilter@6367dd8f, org.springframework.security.web.servletapi.SecurityContextHolderAwareRequestFilter@71064417, org.springframework.security.web.authentication.rememberme.RememberMeAuthenticationFilter@1b960b30, org.springframework.security.web.authentication.AnonymousAuthenticationFilter@53fca46a, org.springframework.security.web.session.SessionManagementFilter@6fd9fbf7, org.springframework.security.web.access.ExceptionTranslationFilter@4c5a3add, org.springframework.security.web.access.intercept.FilterSecurityInterceptor@1fafce15]
2022-02-26 10:58:56.542  INFO 23084 --- [restartedMain] o.s.b.a.w.s.WelcomePageHandlerMapping    : Adding welcome page template: index
2022-02-26 10:58:59.431  INFO 23084 --- [restartedMain] o.s.b.d.a.OptionalLiveReloadServer       : LiveReload server is running on port 35729
2022-02-26 10:58:59.588  INFO 23084 --- [restartedMain] o.s.b.w.embedded.tomcat.TomcatWebServer  : Tomcat started on port(s): 8080 (http) with context path '/ShopmeAdmin'
2022-02-26 10:58:59.626  INFO 23084 --- [restartedMain] c.shopme.admin.ShopmeBackendApplication  : Started ShopmeBackendApplication in 30.058 seconds (JVM running for 36.221)
